

Microchip Technology PIC LITE Macro Assembler V1.21 build 54009 
                                                                                               Thu Nov  7 16:12:13 2013

Microchip Technology Omniscient Code Generator (Lite mode) build 54009
     1                           	processor	16F1509
     2                           	opt	pw 120
     3                           	opt	lm
     4                           	psect	strings,global,class=STRING,delta=2
     5                           	psect	cinit,global,class=CODE,merge=1,delta=2
     6                           	psect	bssCOMMON,global,class=COMMON,space=1,delta=1
     7                           	psect	bssBANK0,global,class=BANK0,space=1,delta=1
     8                           	psect	cstackCOMMON,global,class=COMMON,space=1,delta=1
     9                           	psect	cstackBANK0,global,class=BANK0,space=1,delta=1
    10                           	psect	maintext,global,class=CODE,merge=1,split=1,delta=2
    11                           	psect	text1,local,class=CODE,merge=1,delta=2
    12                           	psect	text2,local,class=CODE,merge=1,delta=2
    13                           	psect	text3,local,class=CODE,merge=1,delta=2
    14                           	psect	intentry,global,class=CODE,delta=2
    15                           	psect	text5,local,class=CODE,merge=1,delta=2
    16                           	psect	text6,local,class=CODE,merge=1,delta=2
    17                           	dabs	1,0x7E,2
    18  0000                     	;# 
    19  0001                     	;# 
    20  0002                     	;# 
    21  0003                     	;# 
    22  0004                     	;# 
    23  0005                     	;# 
    24  0006                     	;# 
    25  0007                     	;# 
    26  0008                     	;# 
    27  0009                     	;# 
    28  000A                     	;# 
    29  000B                     	;# 
    30  000C                     	;# 
    31  000D                     	;# 
    32  000E                     	;# 
    33  0011                     	;# 
    34  0012                     	;# 
    35  0013                     	;# 
    36  0015                     	;# 
    37  0016                     	;# 
    38  0016                     	;# 
    39  0017                     	;# 
    40  0018                     	;# 
    41  0019                     	;# 
    42  001A                     	;# 
    43  001B                     	;# 
    44  001C                     	;# 
    45  008C                     	;# 
    46  008D                     	;# 
    47  008E                     	;# 
    48  0091                     	;# 
    49  0092                     	;# 
    50  0093                     	;# 
    51  0095                     	;# 
    52  0096                     	;# 
    53  0097                     	;# 
    54  0099                     	;# 
    55  009A                     	;# 
    56  009B                     	;# 
    57  009B                     	;# 
    58  009C                     	;# 
    59  009D                     	;# 
    60  009E                     	;# 
    61  009F                     	;# 
    62  010C                     	;# 
    63  010D                     	;# 
    64  010E                     	;# 
    65  0111                     	;# 
    66  0112                     	;# 
    67  0113                     	;# 
    68  0114                     	;# 
    69  0115                     	;# 
    70  0116                     	;# 
    71  0117                     	;# 
    72  0118                     	;# 
    73  0119                     	;# 
    74  011D                     	;# 
    75  018C                     	;# 
    76  018D                     	;# 
    77  018E                     	;# 
    78  0191                     	;# 
    79  0191                     	;# 
    80  0192                     	;# 
    81  0193                     	;# 
    82  0193                     	;# 
    83  0194                     	;# 
    84  0195                     	;# 
    85  0196                     	;# 
    86  0197                     	;# 
    87  0199                     	;# 
    88  019A                     	;# 
    89  019B                     	;# 
    90  019B                     	;# 
    91  019C                     	;# 
    92  019D                     	;# 
    93  019E                     	;# 
    94  019F                     	;# 
    95  020C                     	;# 
    96  020D                     	;# 
    97  0211                     	;# 
    98  0211                     	;# 
    99  0212                     	;# 
   100  0212                     	;# 
   101  0213                     	;# 
   102  0213                     	;# 
   103  0214                     	;# 
   104  0214                     	;# 
   105  0215                     	;# 
   106  0215                     	;# 
   107  0215                     	;# 
   108  0216                     	;# 
   109  0216                     	;# 
   110  0217                     	;# 
   111  0217                     	;# 
   112  0391                     	;# 
   113  0392                     	;# 
   114  0393                     	;# 
   115  0394                     	;# 
   116  0395                     	;# 
   117  0396                     	;# 
   118  0498                     	;# 
   119  0498                     	;# 
   120  0499                     	;# 
   121  049A                     	;# 
   122  049B                     	;# 
   123  049B                     	;# 
   124  049C                     	;# 
   125  049E                     	;# 
   126  049F                     	;# 
   127  0611                     	;# 
   128  0612                     	;# 
   129  0613                     	;# 
   130  0613                     	;# 
   131  0614                     	;# 
   132  0615                     	;# 
   133  0616                     	;# 
   134  0616                     	;# 
   135  0617                     	;# 
   136  0618                     	;# 
   137  0619                     	;# 
   138  0619                     	;# 
   139  061A                     	;# 
   140  061B                     	;# 
   141  061C                     	;# 
   142  061C                     	;# 
   143  0691                     	;# 
   144  0692                     	;# 
   145  0693                     	;# 
   146  0694                     	;# 
   147  0695                     	;# 
   148  0F0F                     	;# 
   149  0F10                     	;# 
   150  0F11                     	;# 
   151  0F12                     	;# 
   152  0F13                     	;# 
   153  0F14                     	;# 
   154  0F15                     	;# 
   155  0F16                     	;# 
   156  0F17                     	;# 
   157  0F18                     	;# 
   158  0F19                     	;# 
   159  0F1A                     	;# 
   160  0F1B                     	;# 
   161  0F1C                     	;# 
   162  0F1D                     	;# 
   163  0F1E                     	;# 
   164  0F1F                     	;# 
   165  0F20                     	;# 
   166  0F21                     	;# 
   167  0F22                     	;# 
   168  0F23                     	;# 
   169  0F24                     	;# 
   170  0F25                     	;# 
   171  0F26                     	;# 
   172  0F27                     	;# 
   173  0F28                     	;# 
   174  0F29                     	;# 
   175  0F2A                     	;# 
   176  0F2B                     	;# 
   177  0F2C                     	;# 
   178  0F2D                     	;# 
   179  0F2E                     	;# 
   180  0F2F                     	;# 
   181  0F8C                     	;# 
   182  0F8D                     	;# 
   183  0F91                     	;# 
   184  0F95                     	;# 
   185  0F96                     	;# 
   186  0F97                     	;# 
   187  0F9C                     	;# 
   188  0F9D                     	;# 
   189  0F9E                     	;# 
   190  0FE3                     	;# 
   191  0FE4                     	;# 
   192  0FE5                     	;# 
   193  0FE6                     	;# 
   194  0FE7                     	;# 
   195  0FE8                     	;# 
   196  0FE9                     	;# 
   197  0FEA                     	;# 
   198  0FEB                     	;# 
   199  0FED                     	;# 
   200  0FEE                     	;# 
   201  0FEF                     	;# 
   202  000B                     _INTCONbits	set	11
   203  0011                     _PIR1bits	set	17
   204  0099                     _OSCCONbits	set	153
   205  0091                     _PIE1bits	set	145
   206  008D                     _TRISBbits	set	141
   207  018D                     _ANSELBbits	set	397
   208  0199                     _RCREG	set	409
   209  019D                     _RCSTAbits	set	413
   210  019B                     _SPBRGL	set	411
   211  019A                     _TXREG	set	410
   212  019E                     _TXSTAbits	set	414
   213                           
   214                           	psect	strings
   215  0085                     __pstrings:	
   216  0085                     __stringtab:	
   217  0085  3400               	retlw	0
   218  0086                     __end_of__stringtab:	
   219  0086                     __stringdata:	
   220  0086                     STR_1:	
   221  0086  3449               	retlw	73	;'I'
   222  0087  346E               	retlw	110	;'n'
   223  0088  3469               	retlw	105	;'i'
   224  0089  3474               	retlw	116	;'t'
   225  008A  3420               	retlw	32	;' '
   226  008B  3463               	retlw	99	;'c'
   227  008C  346F               	retlw	111	;'o'
   228  008D  346D               	retlw	109	;'m'
   229  008E  3470               	retlw	112	;'p'
   230  008F  346C               	retlw	108	;'l'
   231  0090  3465               	retlw	101	;'e'
   232  0091  3474               	retlw	116	;'t'
   233  0092  3465               	retlw	101	;'e'
   234  0093  3421               	retlw	33	;'!'
   235  0094  340A               	retlw	10
   236  0095  3400               	retlw	0
   237  0096                     __end_of__stringdata:	
   238                           
   239                           ; #config settings
   240  0000                     
   241                           	psect	cinit
   242  0032                     start_initialization:	
   243  0032                     __initialization:	
   244                           
   245                           ; Clear objects allocated to COMMON
   246  0032  01F6               	clrf	__pbssCOMMON& (0+127)
   247  0033  01F7               	clrf	(__pbssCOMMON+1)& (0+127)
   248                           
   249                           ; Clear objects allocated to BANK0
   250  0034  01A0               	clrf	__pbssBANK0& (0+127)
   251  0035  01A1               	clrf	(__pbssBANK0+1)& (0+127)
   252  0036  01A2               	clrf	(__pbssBANK0+2)& (0+127)
   253  0037  01A3               	clrf	(__pbssBANK0+3)& (0+127)
   254  0038  01A4               	clrf	(__pbssBANK0+4)& (0+127)
   255  0039  01A5               	clrf	(__pbssBANK0+5)& (0+127)
   256  003A  01A6               	clrf	(__pbssBANK0+6)& (0+127)
   257  003B  01A7               	clrf	(__pbssBANK0+7)& (0+127)
   258  003C  01A8               	clrf	(__pbssBANK0+8)& (0+127)
   259  003D  01A9               	clrf	(__pbssBANK0+9)& (0+127)
   260  003E  01AA               	clrf	(__pbssBANK0+10)& (0+127)
   261  003F  01AB               	clrf	(__pbssBANK0+11)& (0+127)
   262  0040                     end_of_initialization:	
   263                           ;End of C runtime variable initialization code
   264                           
   265  0040                     __end_of__initialization:	
   266  0040  0020               	movlb	0
   267  0041  3180  2872         	ljmp	_main	;jump to C main() function
   268                           
   269                           	psect	bssCOMMON
   270  0076                     __pbssCOMMON:	
   271  0076                     _rcindex:	
   272  0076                     	ds	1
   273  0077                     _t:	
   274  0077                     	ds	1
   275                           
   276                           	psect	bssBANK0
   277  0020                     __pbssBANK0:	
   278  0020                     _rcbuf:	
   279  0020                     	ds	12
   280                           
   281                           	psect	cstackCOMMON
   282  0070                     __pcstackCOMMON:	
   283  0070                     ?_USART_init:	
   284  0070                     ?_USART_putc:	
   285                           ; 0 bytes @ 0x0
   286                           
   287  0070                     ?_ISR:	
   288                           ; 0 bytes @ 0x0
   289                           
   290  0070                     ?i1_USART_putc:	
   291                           ; 0 bytes @ 0x0
   292                           
   293  0070                     ??i1_USART_putc:	
   294                           ; 0 bytes @ 0x0
   295                           
   296  0070                     ?_main:	
   297                           ; 0 bytes @ 0x0
   298                           
   299  0070                     i1USART_putc@c:	
   300                           ; 2 bytes @ 0x0
   301                           
   302                           
   303                           ; 1 bytes @ 0x0
   304  0070                     	ds	1
   305  0071                     ?i1_USART_puts:	
   306  0071                     i1USART_puts@s:	
   307                           ; 0 bytes @ 0x1
   308                           
   309                           
   310                           ; 2 bytes @ 0x1
   311  0071                     	ds	2
   312  0073                     ??_ISR:	
   313  0073                     ??i1_USART_puts:	
   314                           ; 0 bytes @ 0x3
   315                           
   316                           
   317                           ; 0 bytes @ 0x3
   318  0073                     	ds	2
   319  0075                     ??_USART_init:	
   320  0075                     ??_USART_putc:	
   321                           ; 0 bytes @ 0x5
   322                           
   323  0075                     USART_putc@c:	
   324                           ; 0 bytes @ 0x5
   325                           
   326                           
   327                           ; 1 bytes @ 0x5
   328  0075                     	ds	1
   329  0076                     ??_USART_puts:	
   330  0076                     ??_main:	
   331                           ; 0 bytes @ 0x6
   332                           
   333                           
   334                           	psect	cstackBANK0
   335  002C                     __pcstackBANK0:	
   336                           ; 0 bytes @ 0x6
   337                           
   338  002C                     ?_USART_puts:	
   339  002C                     USART_puts@s:	
   340                           ; 0 bytes @ 0x0
   341                           
   342                           
   343                           ; 2 bytes @ 0x0
   344  002C                     	ds	2
   345                           
   346                           	psect	maintext
   347  0072                     __pmaintext:	
   348 ;;
   349 ;;Main: autosize = 0, tempsize = 0, incstack = 0, save=0
   350 ;;
   351 ;; *************** function _main *****************
   352 ;; Defined at:
   353 ;;		line 59 in file "main.c"
   354 ;; Parameters:    Size  Location     Type
   355 ;;		None
   356 ;; Auto vars:     Size  Location     Type
   357 ;;		None
   358 ;; Return value:  Size  Location     Type
   359 ;;                  2   45[COMMON] int 
   360 ;; Registers used:
   361 ;;		wreg, fsr0l, fsr0h, status,2, status,0, pclath, cstack
   362 ;; Tracked objects:
   363 ;;		On entry : 17F/0
   364 ;;		On exit  : 0/0
   365 ;;		Unchanged: 0/0
   366 ;; Data sizes:     COMMON   BANK0   BANK1   BANK2   BANK3   BANK4   BANK5   BANK6
   367 ;;      Params:         0       0       0       0       0       0       0       0
   368 ;;      Locals:         0       0       0       0       0       0       0       0
   369 ;;      Temps:          0       0       0       0       0       0       0       0
   370 ;;      Totals:         0       0       0       0       0       0       0       0
   371 ;;Total ram usage:        0 bytes
   372 ;; Hardware stack levels required when called:    5
   373 ;; This function calls:
   374 ;;		_USART_init
   375 ;;		_USART_puts
   376 ;; This function is called by:
   377 ;;		Startup code after reset
   378 ;; This function uses a non-reentrant model
   379 ;;
   380                           
   381                           
   382                           ;psect for function _main
   383  0072                     _main:	
   384                           
   385                           ;main.c: 60: OSCCONbits.IRCF = 0x0D;
   386                           
   387                           ;incstack = 0
   388                           ; Regs used in _main: [wreg-fsr0h+status,2+status,0+pclath+cstack]
   389  0072  0021               	movlb	1	; select bank1
   390  0073  0819               	movf	25,w	;volatile
   391  0074  3987               	andlw	-121
   392  0075  3868               	iorlw	104
   393  0076  0099               	movwf	25	;volatile
   394                           
   395                           ;main.c: 62: USART_init();
   396  0077  3180  2096  3180   	fcall	_USART_init
   397                           
   398                           ;main.c: 64: USART_puts("Init complete!\n");
   399  007A  3086               	movlw	low (STR_1| (0+32768))
   400  007B  0020               	movlb	0	; select bank0
   401  007C  00AC               	movwf	?_USART_puts
   402  007D  3080               	movlw	high (STR_1| (0+32768))
   403  007E  00AD               	movwf	?_USART_puts+1
   404  007F  3180  2043  3180   	fcall	_USART_puts
   405                           
   406                           ;main.c: 66: INTCONbits.PEIE = 1;
   407  0082  170B               	bsf	11,6	;volatile
   408                           
   409                           ;main.c: 67: INTCONbits.GIE = 1;
   410  0083  178B               	bsf	11,7	;volatile
   411  0084                     l46:	
   412                           ;main.c: 69: while(1)
   413                           
   414                           
   415                           ;main.c: 70: {
   416  0084  2884               	goto	l46
   417  0085                     __end_of_main:	
   418                           ;main.c: 72: }
   419                           ;main.c: 74: return 0;
   420                           ;	Return value of _main is never used
   421                           
   422                           
   423                           	psect	text1
   424  0043                     __ptext1:	
   425 ;; *************** function _USART_puts *****************
   426 ;; Defined at:
   427 ;;		line 50 in file "main.c"
   428 ;; Parameters:    Size  Location     Type
   429 ;;  s               2    0[BANK0 ] PTR unsigned char 
   430 ;;		 -> rcbuf(12), STR_1(16), 
   431 ;; Auto vars:     Size  Location     Type
   432 ;;		None
   433 ;; Return value:  Size  Location     Type
   434 ;;		None               void
   435 ;; Registers used:
   436 ;;		wreg, fsr0l, fsr0h, status,2, status,0, pclath, cstack
   437 ;; Tracked objects:
   438 ;;		On entry : 0/0
   439 ;;		On exit  : 0/0
   440 ;;		Unchanged: 0/0
   441 ;; Data sizes:     COMMON   BANK0   BANK1   BANK2   BANK3   BANK4   BANK5   BANK6
   442 ;;      Params:         0       2       0       0       0       0       0       0
   443 ;;      Locals:         0       0       0       0       0       0       0       0
   444 ;;      Temps:          0       0       0       0       0       0       0       0
   445 ;;      Totals:         0       2       0       0       0       0       0       0
   446 ;;Total ram usage:        2 bytes
   447 ;; Hardware stack levels used:    1
   448 ;; Hardware stack levels required when called:    4
   449 ;; This function calls:
   450 ;;		_USART_putc
   451 ;; This function is called by:
   452 ;;		_main
   453 ;; This function uses a non-reentrant model
   454 ;;
   455                           
   456                           
   457                           ;psect for function _USART_puts
   458  0043                     _USART_puts:	
   459  0043                     l558:	
   460                           ;main.c: 51: while (*s)
   461                           
   462                           ;incstack = 0
   463                           ; Regs used in _USART_puts: [wreg-fsr0h+status,2+status,0+pclath+cstack]
   464                           
   465  0043  0020               	movlb	0	; select bank0
   466  0044  082C               	movf	USART_puts@s,w
   467  0045  0084               	movwf	4
   468  0046  082D               	movf	USART_puts@s+1,w
   469  0047  0085               	movwf	5
   470  0048  0800               	movf	0,w	;code access
   471  0049  3800               	iorlw	0
   472  004A  1903               	btfsc	3,2
   473  004B  0008               	return
   474                           
   475                           ;main.c: 52: {
   476                           ;main.c: 53: USART_putc(*s);
   477  004C  0020               	movlb	0	; select bank0
   478  004D  082C               	movf	USART_puts@s,w
   479  004E  0084               	movwf	4
   480  004F  082D               	movf	USART_puts@s+1,w
   481  0050  0085               	movwf	5
   482  0051  0800               	movf	0,w	;code access
   483  0052  3180  20A6  3180   	fcall	_USART_putc
   484                           
   485                           ;main.c: 54: s++;
   486  0055  3001               	movlw	1
   487  0056  0020               	movlb	0	; select bank0
   488  0057  07AC               	addwf	USART_puts@s,f
   489  0058  3000               	movlw	0
   490  0059  3DAD               	addwfc	USART_puts@s+1,f
   491  005A  2843               	goto	l558
   492  005B                     __end_of_USART_puts:	
   493                           
   494                           	psect	text2
   495  00A6                     __ptext2:	
   496 ;; *************** function _USART_putc *****************
   497 ;; Defined at:
   498 ;;		line 44 in file "main.c"
   499 ;; Parameters:    Size  Location     Type
   500 ;;  c               1    wreg     unsigned char 
   501 ;; Auto vars:     Size  Location     Type
   502 ;;  c               1    5[COMMON] unsigned char 
   503 ;; Return value:  Size  Location     Type
   504 ;;		None               void
   505 ;; Registers used:
   506 ;;		wreg
   507 ;; Tracked objects:
   508 ;;		On entry : 0/0
   509 ;;		On exit  : 0/0
   510 ;;		Unchanged: 0/0
   511 ;; Data sizes:     COMMON   BANK0   BANK1   BANK2   BANK3   BANK4   BANK5   BANK6
   512 ;;      Params:         0       0       0       0       0       0       0       0
   513 ;;      Locals:         1       0       0       0       0       0       0       0
   514 ;;      Temps:          0       0       0       0       0       0       0       0
   515 ;;      Totals:         1       0       0       0       0       0       0       0
   516 ;;Total ram usage:        1 bytes
   517 ;; Hardware stack levels used:    1
   518 ;; Hardware stack levels required when called:    3
   519 ;; This function calls:
   520 ;;		Nothing
   521 ;; This function is called by:
   522 ;;		_USART_puts
   523 ;; This function uses a non-reentrant model
   524 ;;
   525                           
   526                           
   527                           ;psect for function _USART_putc
   528  00A6                     _USART_putc:	
   529                           
   530                           ;incstack = 0
   531                           ; Regs used in _USART_putc: [wreg]
   532                           ;USART_putc@c stored from wreg
   533  00A6  00F5               	movwf	USART_putc@c
   534  00A7                     l34:	
   535                           ;main.c: 45: while (!TXSTAbits.TRMT);
   536                           
   537  00A7  0023               	movlb	3	; select bank3
   538  00A8  1C9E               	btfss	30,1	;volatile
   539  00A9  28A7               	goto	l34
   540                           
   541                           ;main.c: 46: TXREG = c;
   542  00AA  0875               	movf	USART_putc@c,w
   543  00AB  009A               	movwf	26	;volatile
   544  00AC  0008               	return
   545  00AD                     __end_of_USART_putc:	
   546                           
   547                           	psect	text3
   548  0096                     __ptext3:	
   549 ;; *************** function _USART_init *****************
   550 ;; Defined at:
   551 ;;		line 27 in file "main.c"
   552 ;; Parameters:    Size  Location     Type
   553 ;;		None
   554 ;; Auto vars:     Size  Location     Type
   555 ;;		None
   556 ;; Return value:  Size  Location     Type
   557 ;;		None               void
   558 ;; Registers used:
   559 ;;		wreg
   560 ;; Tracked objects:
   561 ;;		On entry : 0/0
   562 ;;		On exit  : 0/0
   563 ;;		Unchanged: 0/0
   564 ;; Data sizes:     COMMON   BANK0   BANK1   BANK2   BANK3   BANK4   BANK5   BANK6
   565 ;;      Params:         0       0       0       0       0       0       0       0
   566 ;;      Locals:         0       0       0       0       0       0       0       0
   567 ;;      Temps:          0       0       0       0       0       0       0       0
   568 ;;      Totals:         0       0       0       0       0       0       0       0
   569 ;;Total ram usage:        0 bytes
   570 ;; Hardware stack levels used:    1
   571 ;; Hardware stack levels required when called:    3
   572 ;; This function calls:
   573 ;;		Nothing
   574 ;; This function is called by:
   575 ;;		_main
   576 ;; This function uses a non-reentrant model
   577 ;;
   578                           
   579                           
   580                           ;psect for function _USART_init
   581  0096                     _USART_init:	
   582                           
   583                           ;main.c: 28: TXSTAbits.TXEN = 1;
   584                           
   585                           ;incstack = 0
   586                           ; Regs used in _USART_init: [wreg]
   587  0096  0023               	movlb	3	; select bank3
   588  0097  169E               	bsf	30,5	;volatile
   589                           
   590                           ;main.c: 29: TXSTAbits.BRGH = 1;
   591  0098  151E               	bsf	30,2	;volatile
   592                           
   593                           ;main.c: 30: RCSTAbits.CREN = 1;
   594  0099  161D               	bsf	29,4	;volatile
   595                           
   596                           ;main.c: 33: ANSELBbits.ANSB5 = 0;
   597  009A  128D               	bcf	13,5	;volatile
   598                           
   599                           ;main.c: 34: TRISBbits.TRISB5 = 1;
   600  009B  0021               	movlb	1	; select bank1
   601  009C  168D               	bsf	13,5	;volatile
   602                           
   603                           ;main.c: 35: TRISBbits.TRISB7 = 1;
   604  009D  178D               	bsf	13,7	;volatile
   605                           
   606                           ;main.c: 37: SPBRGL = 25;
   607  009E  3019               	movlw	25
   608  009F  0023               	movlb	3	; select bank3
   609  00A0  009B               	movwf	27	;volatile
   610                           
   611                           ;main.c: 39: PIE1bits.RCIE = 1;
   612  00A1  0021               	movlb	1	; select bank1
   613  00A2  1691               	bsf	17,5	;volatile
   614                           
   615                           ;main.c: 40: RCSTAbits.SPEN = 1;
   616  00A3  0023               	movlb	3	; select bank3
   617  00A4  179D               	bsf	29,7	;volatile
   618  00A5  0008               	return
   619  00A6                     __end_of_USART_init:	
   620                           
   621                           	psect	intentry
   622  0004                     __pintentry:	
   623 ;; *************** function _ISR *****************
   624 ;; Defined at:
   625 ;;		line 78 in file "main.c"
   626 ;; Parameters:    Size  Location     Type
   627 ;;		None
   628 ;; Auto vars:     Size  Location     Type
   629 ;;		None
   630 ;; Return value:  Size  Location     Type
   631 ;;		None               void
   632 ;; Registers used:
   633 ;;		wreg, fsr0l, fsr0h, fsr1l, fsr1h, status,2, status,0, pclath, cstack
   634 ;; Tracked objects:
   635 ;;		On entry : 0/0
   636 ;;		On exit  : 0/0
   637 ;;		Unchanged: 0/0
   638 ;; Data sizes:     COMMON   BANK0   BANK1   BANK2   BANK3   BANK4   BANK5   BANK6
   639 ;;      Params:         0       0       0       0       0       0       0       0
   640 ;;      Locals:         0       0       0       0       0       0       0       0
   641 ;;      Temps:          2       0       0       0       0       0       0       0
   642 ;;      Totals:         2       0       0       0       0       0       0       0
   643 ;;Total ram usage:        2 bytes
   644 ;; Hardware stack levels used:    1
   645 ;; Hardware stack levels required when called:    2
   646 ;; This function calls:
   647 ;;		i1_USART_puts
   648 ;; This function is called by:
   649 ;;		Interrupt level 1
   650 ;; This function uses a non-reentrant model
   651 ;;
   652                           
   653  0004                     _ISR:	
   654                           
   655                           ;incstack = 0
   656                           ; Regs used in _ISR: [wreg-fsr1h+status,2+status,0+pclath+cstack]
   657  0004  3180               	pagesel	$
   658  0005  0020               	movlb	0	; select bank0
   659  0006  087F               	movf	127,w
   660  0007  00F4               	movwf	??_ISR+1
   661                           
   662                           ;main.c: 79: if (PIR1bits.RCIF)
   663  0008  1E91               	btfss	17,5	;volatile
   664  0009  282D               	goto	i1l55
   665                           
   666                           ;main.c: 80: {
   667                           ;main.c: 81: t = RCREG;
   668  000A  0023               	movlb	3	; select bank3
   669  000B  0819               	movf	25,w	;volatile
   670  000C  00F3               	movwf	??_ISR
   671  000D  0873               	movf	??_ISR,w
   672  000E  00F7               	movwf	_t	;volatile
   673                           
   674                           ;main.c: 85: if ( (t != '\n') && (rcindex < 12) )
   675  000F  0877               	movf	_t,w	;volatile
   676  0010  3A0A               	xorlw	10
   677  0011  1903               	skipnz
   678  0012  2824               	goto	i1l546
   679  0013  300C               	movlw	12
   680  0014  0276               	subwf	_rcindex,w	;volatile
   681  0015  1803               	skipnc
   682  0016  2824               	goto	i1l546
   683                           
   684                           ;main.c: 86: {
   685                           ;main.c: 87: rcbuf[rcindex] = t;
   686  0017  0877               	movf	_t,w	;volatile
   687  0018  00F3               	movwf	??_ISR
   688  0019  0876               	movf	_rcindex,w
   689  001A  3E20               	addlw	_rcbuf& (0+255)
   690  001B  0086               	movwf	6
   691  001C  0187               	clrf	7
   692  001D  0873               	movf	??_ISR,w
   693  001E  0081               	movwf	1
   694                           
   695                           ;main.c: 88: rcindex++;
   696  001F  3001               	movlw	1
   697  0020  00F3               	movwf	??_ISR
   698  0021  0873               	movf	??_ISR,w
   699  0022  07F6               	addwf	_rcindex,f	;volatile
   700                           
   701                           ;main.c: 89: }
   702  0023  282B               	goto	i1l550
   703  0024                     i1l546:	
   704                           
   705                           ;main.c: 90: else
   706                           ;main.c: 91: {
   707                           ;main.c: 92: rcindex = 0;
   708  0024  01F6               	clrf	_rcindex	;volatile
   709                           
   710                           ;main.c: 93: USART_puts(rcbuf);
   711  0025  3020               	movlw	low _rcbuf
   712  0026  00F1               	movwf	?i1_USART_puts
   713  0027  3000               	movlw	high _rcbuf
   714  0028  00F2               	movwf	?i1_USART_puts+1
   715  0029  3180  205B         	fcall	i1_USART_puts
   716  002B                     i1l550:	
   717                           
   718                           ;main.c: 94: }
   719                           ;main.c: 96: PIR1bits.RCIF = 0;
   720  002B  0020               	movlb	0	; select bank0
   721  002C  1291               	bcf	17,5	;volatile
   722  002D                     i1l55:	
   723  002D  0874               	movf	??_ISR+1,w
   724  002E  00FF               	movwf	127
   725  002F  0009               	retfie
   726  0030                     __end_of_ISR:	
   727                           
   728                           	psect	text5
   729  005B                     __ptext5:	
   730 ;; *************** function i1_USART_puts *****************
   731 ;; Defined at:
   732 ;;		line 50 in file "main.c"
   733 ;; Parameters:    Size  Location     Type
   734 ;;  s               2    1[COMMON] PTR unsigned char 
   735 ;;		 -> rcbuf(12), STR_1(16), 
   736 ;; Auto vars:     Size  Location     Type
   737 ;;		None
   738 ;; Return value:  Size  Location     Type
   739 ;;		None               void
   740 ;; Registers used:
   741 ;;		wreg, fsr0l, fsr0h, status,2, status,0, pclath, cstack
   742 ;; Tracked objects:
   743 ;;		On entry : 0/0
   744 ;;		On exit  : 0/0
   745 ;;		Unchanged: 0/0
   746 ;; Data sizes:     COMMON   BANK0   BANK1   BANK2   BANK3   BANK4   BANK5   BANK6
   747 ;;      Params:         2       0       0       0       0       0       0       0
   748 ;;      Locals:         0       0       0       0       0       0       0       0
   749 ;;      Temps:          0       0       0       0       0       0       0       0
   750 ;;      Totals:         2       0       0       0       0       0       0       0
   751 ;;Total ram usage:        2 bytes
   752 ;; Hardware stack levels used:    1
   753 ;; Hardware stack levels required when called:    1
   754 ;; This function calls:
   755 ;;		i1_USART_putc
   756 ;; This function is called by:
   757 ;;		_ISR
   758 ;; This function uses a non-reentrant model
   759 ;;
   760                           
   761                           
   762                           ;psect for function i1_USART_puts
   763  005B                     i1_USART_puts:	
   764  005B                     i1l534:	
   765                           ;main.c: 51: while (*s)
   766                           
   767                           ;incstack = 0
   768                           ; Regs used in i1_USART_puts: [wreg-fsr0h+status,2+status,0+pclath+cstack]
   769                           
   770  005B  0871               	movf	i1USART_puts@s,w
   771  005C  0084               	movwf	4
   772  005D  0872               	movf	i1USART_puts@s+1,w
   773  005E  0085               	movwf	5
   774  005F  0800               	movf	0,w	;code access
   775  0060  3800               	iorlw	0
   776  0061  1903               	btfsc	3,2
   777  0062  2870               	goto	u13_20
   778                           
   779                           ;main.c: 52: {
   780                           ;main.c: 53: USART_putc(*s);
   781  0063  0871               	movf	i1USART_puts@s,w
   782  0064  0084               	movwf	4
   783  0065  0872               	movf	i1USART_puts@s+1,w
   784  0066  0085               	movwf	5
   785  0067  0800               	movf	0,w	;code access
   786  0068  3180  20AD  3180   	fcall	i1_USART_putc
   787                           
   788                           ;main.c: 54: s++;
   789  006B  3001               	movlw	1
   790  006C  07F1               	addwf	i1USART_puts@s,f
   791  006D  3000               	movlw	0
   792  006E  3DF2               	addwfc	i1USART_puts@s+1,f
   793  006F  285B               	goto	i1l534
   794  0070                     u13_20:	
   795  0070  0020               	movlb	0	; select bank0
   796  0071  0008               	return
   797  0072                     __end_ofi1_USART_puts:	
   798                           
   799                           	psect	text6
   800  00AD                     __ptext6:	
   801 ;; *************** function i1_USART_putc *****************
   802 ;; Defined at:
   803 ;;		line 44 in file "main.c"
   804 ;; Parameters:    Size  Location     Type
   805 ;;  c               1    wreg     unsigned char 
   806 ;; Auto vars:     Size  Location     Type
   807 ;;  c               1    0[COMMON] unsigned char 
   808 ;; Return value:  Size  Location     Type
   809 ;;		None               void
   810 ;; Registers used:
   811 ;;		wreg
   812 ;; Tracked objects:
   813 ;;		On entry : 0/0
   814 ;;		On exit  : 0/0
   815 ;;		Unchanged: 0/0
   816 ;; Data sizes:     COMMON   BANK0   BANK1   BANK2   BANK3   BANK4   BANK5   BANK6
   817 ;;      Params:         0       0       0       0       0       0       0       0
   818 ;;      Locals:         1       0       0       0       0       0       0       0
   819 ;;      Temps:          0       0       0       0       0       0       0       0
   820 ;;      Totals:         1       0       0       0       0       0       0       0
   821 ;;Total ram usage:        1 bytes
   822 ;; Hardware stack levels used:    1
   823 ;; This function calls:
   824 ;;		Nothing
   825 ;; This function is called by:
   826 ;;		i1_USART_puts
   827 ;; This function uses a non-reentrant model
   828 ;;
   829                           
   830                           
   831                           ;psect for function i1_USART_putc
   832  00AD                     i1_USART_putc:	
   833                           
   834                           ;incstack = 0
   835                           ; Regs used in i1_USART_putc: [wreg]
   836                           ;i1USART_putc@c stored from wreg
   837  00AD  00F0               	movwf	i1USART_putc@c
   838  00AE                     i1l34:	
   839                           ;main.c: 45: while (!TXSTAbits.TRMT);
   840                           
   841  00AE  0023               	movlb	3	; select bank3
   842  00AF  1C9E               	btfss	30,1	;volatile
   843  00B0  28AE               	goto	i1l34
   844                           
   845                           ;main.c: 46: TXREG = c;
   846  00B1  0870               	movf	i1USART_putc@c,w
   847  00B2  009A               	movwf	26	;volatile
   848  00B3  0008               	return
   849  00B4                     __end_ofi1_USART_putc:	
   850  007E                     btemp	set	126	;btemp
   851  007E                     wtemp0	set	126


Data Sizes:
    Strings     16
    Constant    0
    Data        0
    BSS         14
    Persistent  0
    Stack       0

Auto Spaces:
    Space          Size  Autos    Used
    COMMON           14      6       8
    BANK0            80      2      14
    BANK1            80      0       0
    BANK2            80      0       0
    BANK3            80      0       0
    BANK4            80      0       0
    BANK5            80      0       0
    BANK6            16      0       0

Pointer List with Targets:

    USART_puts@s	PTR unsigned char  size(2) Largest target is 16
		 -> rcbuf(BANK0[12]), STR_1(CODE[16]), 


Critical Paths under _main in COMMON

    _USART_puts->_USART_putc

Critical Paths under _ISR in COMMON

    _ISR->i1_USART_puts
    i1_USART_puts->i1_USART_putc

Critical Paths under _main in BANK0

    _main->_USART_puts

Critical Paths under _ISR in BANK0

    None.

Critical Paths under _main in BANK1

    None.

Critical Paths under _ISR in BANK1

    None.

Critical Paths under _main in BANK2

    None.

Critical Paths under _ISR in BANK2

    None.

Critical Paths under _main in BANK3

    None.

Critical Paths under _ISR in BANK3

    None.

Critical Paths under _main in BANK4

    None.

Critical Paths under _ISR in BANK4

    None.

Critical Paths under _main in BANK5

    None.

Critical Paths under _ISR in BANK5

    None.

Critical Paths under _main in BANK6

    None.

Critical Paths under _ISR in BANK6

    None.

Call Graph Tables:

 ---------------------------------------------------------------------------------
 (Depth) Function   	        Calls       Base Space   Used Autos Params    Refs
 ---------------------------------------------------------------------------------
 (0) _main                                                 0     0      0      87
                         _USART_init
                         _USART_puts
 ---------------------------------------------------------------------------------
 (1) _USART_puts                                           2     0      2      87
                                              0 BANK0      2     0      2
                         _USART_putc
 ---------------------------------------------------------------------------------
 (2) _USART_putc                                           1     1      0      22
                                              5 COMMON     1     1      0
 ---------------------------------------------------------------------------------
 (1) _USART_init                                           0     0      0       0
 ---------------------------------------------------------------------------------
 Estimated maximum stack depth 2
 ---------------------------------------------------------------------------------
 (Depth) Function   	        Calls       Base Space   Used Autos Params    Refs
 ---------------------------------------------------------------------------------
 (3) _ISR                                                  2     2      0     221
                                              3 COMMON     2     2      0
                       i1_USART_puts
 ---------------------------------------------------------------------------------
 (4) i1_USART_puts                                         2     0      2     221
                                              1 COMMON     2     0      2
                       i1_USART_putc
 ---------------------------------------------------------------------------------
 (5) i1_USART_putc                                         1     1      0      73
                                              0 COMMON     1     1      0
 ---------------------------------------------------------------------------------
 Estimated maximum stack depth 5
 ---------------------------------------------------------------------------------

 Call Graph Graphs:

 _main (ROOT)
   _USART_init
   _USART_puts
     _USART_putc

 _ISR (ROOT)
   i1_USART_puts
     i1_USART_putc

 Address spaces:
Name               Size   Autos  Total    Cost      Usage
BIGRAM             1F0      0       0       0        0.0%
NULL                 0      0       0       0        0.0%
CODE                 0      0       0       0        0.0%
BITCOMMON            E      0       0       1        0.0%
BITSFR0              0      0       0       1        0.0%
SFR0                 0      0       0       1        0.0%
COMMON               E      6       8       2       57.1%
BITSFR1              0      0       0       2        0.0%
SFR1                 0      0       0       2        0.0%
BITSFR2              0      0       0       3        0.0%
SFR2                 0      0       0       3        0.0%
STACK                0      0       8       3        0.0%
BITSFR3              0      0       0       4        0.0%
SFR3                 0      0       0       4        0.0%
ABS                  0      0      16       4        0.0%
BITBANK0            50      0       0       5        0.0%
BITSFR4              0      0       0       5        0.0%
SFR4                 0      0       0       5        0.0%
BANK0               50      2       E       6       17.5%
BITSFR5              0      0       0       6        0.0%
SFR5                 0      0       0       6        0.0%
BITBANK1            50      0       0       7        0.0%
BITSFR6              0      0       0       7        0.0%
SFR6                 0      0       0       7        0.0%
BANK1               50      0       0       8        0.0%
BITSFR7              0      0       0       8        0.0%
SFR7                 0      0       0       8        0.0%
BITBANK2            50      0       0       9        0.0%
BITSFR8              0      0       0       9        0.0%
SFR8                 0      0       0       9        0.0%
BANK2               50      0       0      10        0.0%
BITSFR9              0      0       0      10        0.0%
SFR9                 0      0       0      10        0.0%
BITBANK3            50      0       0      11        0.0%
BITSFR10             0      0       0      11        0.0%
SFR10                0      0       0      11        0.0%
BANK3               50      0       0      12        0.0%
BITSFR11             0      0       0      12        0.0%
SFR11                0      0       0      12        0.0%
BITBANK4            50      0       0      13        0.0%
BITSFR12             0      0       0      13        0.0%
SFR12                0      0       0      13        0.0%
BANK4               50      0       0      14        0.0%
BITSFR13             0      0       0      14        0.0%
SFR13                0      0       0      14        0.0%
BITBANK5            50      0       0      15        0.0%
BITSFR14             0      0       0      15        0.0%
SFR14                0      0       0      15        0.0%
BANK5               50      0       0      16        0.0%
BITSFR15             0      0       0      16        0.0%
SFR15                0      0       0      16        0.0%
BITBANK6            10      0       0      17        0.0%
BITSFR16             0      0       0      17        0.0%
SFR16                0      0       0      17        0.0%
BANK6               10      0       0      18        0.0%
BITSFR17             0      0       0      18        0.0%
SFR17                0      0       0      18        0.0%
BITSFR18             0      0       0      19        0.0%
SFR18                0      0       0      19        0.0%
DATA                 0      0      1E      19        0.0%
BITSFR19             0      0       0      20        0.0%
SFR19                0      0       0      20        0.0%
BITSFR20             0      0       0      21        0.0%
SFR20                0      0       0      21        0.0%
BITSFR21             0      0       0      22        0.0%
SFR21                0      0       0      22        0.0%
BITSFR22             0      0       0      23        0.0%
SFR22                0      0       0      23        0.0%
BITSFR23             0      0       0      24        0.0%
SFR23                0      0       0      24        0.0%
BITSFR24             0      0       0      25        0.0%
SFR24                0      0       0      25        0.0%
BITSFR25             0      0       0      26        0.0%
SFR25                0      0       0      26        0.0%
BITSFR26             0      0       0      27        0.0%
SFR26                0      0       0      27        0.0%
BITSFR27             0      0       0      28        0.0%
SFR27                0      0       0      28        0.0%
BITSFR28             0      0       0      29        0.0%
SFR28                0      0       0      29        0.0%
BITSFR29             0      0       0      30        0.0%
SFR29                0      0       0      30        0.0%
BITSFR30             0      0       0      31        0.0%
SFR30                0      0       0      31        0.0%
BITSFR31             0      0       0      32        0.0%
SFR31                0      0       0      32        0.0%


Microchip Technology PIC Macro Assembler V1.21 build 54009 
Symbol Table                                                                                   Thu Nov  7 16:12:13 2013

             _USART_putc 00A6               _USART_puts 0043                        _t 0077  
            __CFG_CP$OFF 0000                       l34 00A7                       l46 0084  
            __CFG_LVP$ON 0000                      l558 0043                      _ISR 0004  
           __CFG_BORV$LO 0000             __CFG_IESO$ON 0000                     ?_ISR 0070  
                   STR_1 0086                     i1l34 00AE                     i1l55 002D  
           __CFG_WRT$OFF 0000            __CFG_FCMEN$ON 0000                     _main 0072  
                   fsr0h 0005                     fsr1h 0007                     fsr0l 0004  
                   indf0 0000                     indf1 0001                     fsr1l 0006  
                   btemp 007E            __CFG_BOREN$ON 0000                     start 0030  
          __CFG_MCLRE$ON 0000                    ??_ISR 0073                    ?_main 0070  
          __CFG_WDTE$OFF 0000                    i1l534 005B                    i1l550 002B  
                  i1l546 0024                    _RCREG 0199                    u13_20 0070  
                  _TXREG 019A                    _rcbuf 0020            i1USART_putc@c 0070  
          i1USART_puts@s 0071                    wtemp0 007E              ?_USART_init 0070  
        __initialization 0032              ?_USART_putc 0070              ?_USART_puts 002C  
           __end_of_main 0085           __CFG_LPBOR$OFF 0000                   ??_main 0076  
                 _SPBRGL 019B           __CFG_PWRTE$OFF 0000           __CFG_STVREN$ON 0000  
    __size_of_USART_init 0010      __size_of_USART_putc 0007      __size_of_USART_puts 0018  
__end_of__initialization 0040           __pcstackCOMMON 0070            ?i1_USART_putc 0070  
          ?i1_USART_puts 0071               __pbssBANK0 0020               __pmaintext 0072  
             __pintentry 0004           ??i1_USART_putc 0070           ??i1_USART_puts 0073  
             __stringtab 0085             ??_USART_init 0075             ??_USART_putc 0075  
           ??_USART_puts 0076                  __ptext1 0043                  __ptext2 00A6  
                __ptext3 0096                  __ptext5 005B                  __ptext6 00AD  
           __size_of_ISR 002C                  _rcindex 0076       __end_of_USART_init 00A6  
     __end_of_USART_putc 00AD     end_of_initialization 0040       __end_of_USART_puts 005B  
              _RCSTAbits 019D         __CFG_FOSC$INTOSC 0000                _TRISBbits 008D  
              _TXSTAbits 019E     __end_ofi1_USART_putc 00B4     __end_ofi1_USART_puts 0072  
    start_initialization 0032              __end_of_ISR 0030              USART_putc@c 0075  
            USART_puts@s 002C              __pbssCOMMON 0076            __pcstackBANK0 002C  
    __end_of__stringdata 0096                __pstrings 0085    __size_ofi1_USART_putc 0007  
  __size_ofi1_USART_puts 0017                 _PIE1bits 0091                 _PIR1bits 0011  
            __stringdata 0086             i1_USART_putc 00AD             i1_USART_puts 005B  
     __end_of__stringtab 0086               _ANSELBbits 018D            __size_of_main 0013  
             _INTCONbits 000B                 intlevel1 0000        __CFG_CLKOUTEN$OFF 0000  
             _OSCCONbits 0099               _USART_init 0096  
